Using pre-set license
Built from '2020.3/staging' branch; Version is '2020.3.24f1 (79c78de19888) revision 7980941'; Using compiler version '192528614'; Build Type 'Release'
OS: 'Windows 10  (10.0.19044) 64bit Enterprise' Language: 'en' Physical Memory: 32579 MB
BatchMode: 1, IsHumanControllingUs: 0, StartBugReporterOnCrash: 0, Is64bit: 1, IsPro: 0

COMMAND LINE ARGUMENTS:
C:\Program Files\Unity\Hub\Editor\2020.3.24f1\Editor\Unity.exe
-adb2
-batchMode
-noUpm
-name
AssetImportWorker1
-projectPath
D:/LearnUnity/GuidedProjectArchitecturalRendering
-logFile
Logs/AssetImportWorker1.log
-srvPort
57182
Successfully changed project path to: D:/LearnUnity/GuidedProjectArchitecturalRendering
D:/LearnUnity/GuidedProjectArchitecturalRendering
Using Asset Import Pipeline V2.
Refreshing native plugins compatible for Editor in 67.04 ms, found 2 plugins.
Preloading 0 native plugins for Editor in 0.00 ms.
Initialize engine version: 2020.3.24f1 (79c78de19888)
[Subsystems] Discovering subsystems at path C:/Program Files/Unity/Hub/Editor/2020.3.24f1/Editor/Data/Resources/UnitySubsystems
[Subsystems] Discovering subsystems at path D:/LearnUnity/GuidedProjectArchitecturalRendering/Assets
GfxDevice: creating device client; threaded=0
Direct3D:
    Version:  Direct3D 11.0 [level 11.1]
    Renderer: NVIDIA Quadro P2000 (ID=0x1cba)
    Vendor:   
    VRAM:     4018 MB
    Driver:   25.21.14.2553
Initialize mono
Mono path[0] = 'C:/Program Files/Unity/Hub/Editor/2020.3.24f1/Editor/Data/Managed'
Mono path[1] = 'C:/Program Files/Unity/Hub/Editor/2020.3.24f1/Editor/Data/MonoBleedingEdge/lib/mono/unityjit'
Mono config path = 'C:/Program Files/Unity/Hub/Editor/2020.3.24f1/Editor/Data/MonoBleedingEdge/etc'
Using monoOptions --debugger-agent=transport=dt_socket,embedding=1,server=y,suspend=n,address=127.0.0.1:56996
Begin MonoManager ReloadAssembly
Registering precompiled unity dll's ...
Register platform support module: C:/Program Files/Unity/Hub/Editor/2020.3.24f1/Editor/Data/PlaybackEngines/WebGLSupport/UnityEditor.WebGL.Extensions.dll
Register platform support module: C:/Program Files/Unity/Hub/Editor/2020.3.24f1/Editor/Data/PlaybackEngines/WindowsStandaloneSupport/UnityEditor.WindowsStandalone.Extensions.dll
Registered in 0.006295 seconds.
Native extension for WindowsStandalone target not found
Native extension for WebGL target not found
Refreshing native plugins compatible for Editor in 55.72 ms, found 2 plugins.
Preloading 0 native plugins for Editor in 0.00 ms.
Mono: successfully reloaded assembly
- Completed reload, in  0.846 seconds
Domain Reload Profiling:
	ReloadAssembly (847ms)
		BeginReloadAssembly (152ms)
			ExecutionOrderSort (0ms)
			DisableScriptedObjects (0ms)
			BackupInstance (0ms)
			ReleaseScriptingObjects (0ms)
			CreateAndSetChildDomain (1ms)
		EndReloadAssembly (558ms)
			LoadAssemblies (153ms)
			RebuildTransferFunctionScriptingTraits (0ms)
			SetupTypeCache (194ms)
			ReleaseScriptCaches (0ms)
			RebuildScriptCaches (34ms)
			SetupLoadedEditorAssemblies (210ms)
				LogAssemblyErrors (0ms)
				InitializePlatformSupportModulesInManaged (6ms)
				SetLoadedEditorAssemblies (0ms)
				RefreshPlugins (56ms)
				BeforeProcessingInitializeOnLoad (16ms)
				ProcessInitializeOnLoadAttributes (99ms)
				ProcessInitializeOnLoadMethodAttributes (32ms)
				AfterProcessingInitializeOnLoad (0ms)
				EditorAssembliesLoaded (0ms)
			ExecutionOrderSort2 (0ms)
			AwakeInstancesAfterBackupRestoration (0ms)
Platform modules already initialized, skipping
Registering precompiled user dll's ...
Registered in 0.006835 seconds.
Begin MonoManager ReloadAssembly
Native extension for WindowsStandalone target not found
Native extension for WebGL target not found
Refreshing native plugins compatible for Editor in 57.43 ms, found 2 plugins.
Preloading 0 native plugins for Editor in 0.00 ms.
Mono: successfully reloaded assembly
- Completed reload, in  2.346 seconds
Domain Reload Profiling:
	ReloadAssembly (2353ms)
		BeginReloadAssembly (257ms)
			ExecutionOrderSort (0ms)
			DisableScriptedObjects (6ms)
			BackupInstance (0ms)
			ReleaseScriptingObjects (0ms)
			CreateAndSetChildDomain (21ms)
		EndReloadAssembly (2016ms)
			LoadAssemblies (184ms)
			RebuildTransferFunctionScriptingTraits (0ms)
			SetupTypeCache (414ms)
			ReleaseScriptCaches (1ms)
			RebuildScriptCaches (65ms)
			SetupLoadedEditorAssemblies (1271ms)
				LogAssemblyErrors (0ms)
				InitializePlatformSupportModulesInManaged (6ms)
				SetLoadedEditorAssemblies (0ms)
				RefreshPlugins (58ms)
				BeforeProcessingInitializeOnLoad (101ms)
				ProcessInitializeOnLoadAttributes (198ms)
				ProcessInitializeOnLoadMethodAttributes (896ms)
				AfterProcessingInitializeOnLoad (12ms)
				EditorAssembliesLoaded (0ms)
			ExecutionOrderSort2 (0ms)
			AwakeInstancesAfterBackupRestoration (7ms)
Platform modules already initialized, skipping
========================================================================
Worker process is ready to serve import requests
Launched and connected shader compiler UnityShaderCompiler.exe after 0.19 seconds
Refreshing native plugins compatible for Editor in 0.92 ms, found 2 plugins.
Preloading 0 native plugins for Editor in 0.00 ms.
Unloading 2807 Unused Serialized files (Serialized files now loaded: 0)
System memory in use before: 125.9 MB.
System memory in use after: 126.1 MB.

Unloading 20 unused Assets to reduce memory usage. Loaded Objects now: 3237.
Total: 3.314900 ms (FindLiveObjects: 0.287700 ms CreateObjectMapping: 0.166900 ms MarkObjects: 2.767100 ms  DeleteObjects: 0.091600 ms)

AssetImportParameters requested are different than current active one (requested -> active):
  custom:framework-win-MediaFoundation: 216162199b28c13a410421893ffa2e32 -> 
  custom:video-decoder-ogg-theora: a1e56fd34408186e4bbccfd4996cb3dc -> 
  custom:container-muxer-webm: aa71ff27fc2769a1b78a27578f13a17b -> 
  custom:container-demuxer-webm: 4f35f7cbe854078d1ac9338744f61a02 -> 
  custom:container-demuxer-ogg: 62fdf1f143b41e24485cea50d1cbac27 -> 
  custom:video-encoder-webm-vp8: eb34c28f22e8b96e1ab97ce403110664 -> 
  custom:video-decoder-webm-vp8: 9c59270c3fd7afecdb556c50c9e8de78 -> 
  custom:audio-decoder-ogg-vorbis: bf7c407c2cedff20999df2af8eb42d56 -> 
  custom:audio-encoder-webm-vorbis: bf7c407c2cedff20999df2af8eb42d56 -> 
========================================================================
Received Import Request.
  path: Assets/Settings/UniversalRP-HighQuality.asset
  artifactKey: Guid(19ba41d7c0026c3459d37c2fe90c55a0) Importer(815301076,1909f56bfc062723c751e8b465ee728b)
Start importing Assets/Settings/UniversalRP-HighQuality.asset using Guid(19ba41d7c0026c3459d37c2fe90c55a0) Importer(815301076,1909f56bfc062723c751e8b465ee728b)  -> (artifact id: '02e18c1f933b70f494440bf5e7626866') in 0.081434 seconds 
  Import took 0.085818 seconds .

========================================================================
Received Import Request.
  Time since last request: 79.507340 seconds.
  path: Assets/Scenes
  artifactKey: Guid(b5cb8c77aee4efc43920d23b447cf92b) Importer(815301076,1909f56bfc062723c751e8b465ee728b)
Start importing Assets/Scenes using Guid(b5cb8c77aee4efc43920d23b447cf92b) Importer(815301076,1909f56bfc062723c751e8b465ee728b)  -> (artifact id: 'fc123d51fde1251d67497301f2d2a7ec') in 0.010277 seconds 
  Import took 0.014633 seconds .

========================================================================
Received Import Request.
  Time since last request: 26.621682 seconds.
  path: Assets/Scenes/New Scene.unity
  artifactKey: Guid(098f1704acda57c43b07637e4e5b454e) Importer(815301076,1909f56bfc062723c751e8b465ee728b)
Start importing Assets/Scenes/New Scene.unity using Guid(098f1704acda57c43b07637e4e5b454e) Importer(815301076,1909f56bfc062723c751e8b465ee728b)  -> (artifact id: '0d23c02a4154ea241898301322f27368') in 0.009511 seconds 
  Import took 0.016406 seconds .

========================================================================
Received Import Request.
  Time since last request: 10.700430 seconds.
  path: Assets/Scenes/ArchitectureSample.unity
  artifactKey: Guid(098f1704acda57c43b07637e4e5b454e) Importer(815301076,1909f56bfc062723c751e8b465ee728b)
Start importing Assets/Scenes/ArchitectureSample.unity using Guid(098f1704acda57c43b07637e4e5b454e) Importer(815301076,1909f56bfc062723c751e8b465ee728b)  -> (artifact id: '69a39f61b6f176d56e982bfed3304772') in 0.010757 seconds 
  Import took 0.017141 seconds .

========================================================================
Received Import Request.
  Time since last request: 9.137011 seconds.
  path: Assets/Scenes/Architecture.unity
  artifactKey: Guid(098f1704acda57c43b07637e4e5b454e) Importer(815301076,1909f56bfc062723c751e8b465ee728b)
Start importing Assets/Scenes/Architecture.unity using Guid(098f1704acda57c43b07637e4e5b454e) Importer(815301076,1909f56bfc062723c751e8b465ee728b)  -> (artifact id: 'b0de7a80e1ed2a21e352d942e54c88c9') in 0.012901 seconds 
  Import took 0.022817 seconds .

========================================================================
Received Import Request.
  Time since last request: 18.637535 seconds.
  path: Assets/Scenes/ArchitecturalRendering.unity
  artifactKey: Guid(098f1704acda57c43b07637e4e5b454e) Importer(815301076,1909f56bfc062723c751e8b465ee728b)
Start importing Assets/Scenes/ArchitecturalRendering.unity using Guid(098f1704acda57c43b07637e4e5b454e) Importer(815301076,1909f56bfc062723c751e8b465ee728b)  -> (artifact id: 'c68e717ad0d60314cd6a03bbaaed73b9') in 0.009873 seconds 
  Import took 0.016236 seconds .

========================================================================
Received Import Request.
  Time since last request: 1.469272 seconds.
  path: Assets/Scenes/SampleScene.unity
  artifactKey: Guid(d1c3109bdb54ad54c8a2b2838528e640) Importer(815301076,1909f56bfc062723c751e8b465ee728b)
Start importing Assets/Scenes/SampleScene.unity using Guid(d1c3109bdb54ad54c8a2b2838528e640) Importer(815301076,1909f56bfc062723c751e8b465ee728b)  -> (artifact id: '1a7c01bc8ed57adf1ede3d700e613d7f') in 0.008708 seconds 
  Import took 0.013909 seconds .

========================================================================
Received Import Request.
  Time since last request: 471.014620 seconds.
  path: Assets/GuidedProject/ArchitecturalRendering/Prefabs
  artifactKey: Guid(dbadcbadb4c7b3548b827b9c4c23736e) Importer(815301076,1909f56bfc062723c751e8b465ee728b)
Start importing Assets/GuidedProject/ArchitecturalRendering/Prefabs using Guid(dbadcbadb4c7b3548b827b9c4c23736e) Importer(815301076,1909f56bfc062723c751e8b465ee728b)  -> (artifact id: 'd339490c2a67773b8c2da617261ad46a') in 0.011627 seconds 
  Import took 0.017002 seconds .

AssetImportWorkerClient::OnTransportError - code=2 error=End of file
